Flow report for Lab
Wed Apr 24 16:31:14 2019
Quartus Prime Version 15.1.0 Build 185 10/21/2015 SJ Lite Edition


---------------------
; Table of Contents ;
---------------------
  1. Legal Notice
  2. Flow Summary
  3. Flow Settings
  4. Flow Non-Default Global Settings
  5. Flow Elapsed Time
  6. Flow OS Summary
  7. Flow Log
  8. Flow Messages
  9. Flow Suppressed Messages



----------------
; Legal Notice ;
----------------
Copyright (C) 1991-2015 Altera Corporation. All rights reserved.
Your use of Altera Corporation's design tools, logic functions 
and other software and tools, and its AMPP partner logic 
functions, and any output files from any of the foregoing 
(including device programming or simulation files), and any 
associated documentation or information are expressly subject 
to the terms and conditions of the Altera Program License 
Subscription Agreement, the Altera Quartus Prime License Agreement,
the Altera MegaCore Function License Agreement, or other 
applicable license agreement, including, without limitation, 
that your use is for the sole purpose of programming logic 
devices manufactured by Altera and sold by Altera or its 
authorized distributors.  Please refer to the applicable 
agreement for further details.



+-------------------------------------------------------------------------------+
; Flow Summary                                                                  ;
+---------------------------------+---------------------------------------------+
; Flow Status                     ; Successful - Wed Apr 24 16:31:14 2019       ;
; Quartus Prime Version           ; 15.1.0 Build 185 10/21/2015 SJ Lite Edition ;
; Revision Name                   ; Lab                                         ;
; Top-level Entity Name           ; mips_processor                              ;
; Family                          ; Cyclone V                                   ;
; Device                          ; 5CGXFC7C7F23C8                              ;
; Timing Models                   ; Final                                       ;
; Logic utilization (in ALMs)     ; 1,537 / 56,480 ( 3 % )                      ;
; Total registers                 ; 1056                                        ;
; Total pins                      ; 178 / 268 ( 66 % )                          ;
; Total virtual pins              ; 0                                           ;
; Total block memory bits         ; 2,048 / 7,024,640 ( < 1 % )                 ;
; Total DSP Blocks                ; 0 / 156 ( 0 % )                             ;
; Total HSSI RX PCSs              ; 0 / 6 ( 0 % )                               ;
; Total HSSI PMA RX Deserializers ; 0 / 6 ( 0 % )                               ;
; Total HSSI TX PCSs              ; 0 / 6 ( 0 % )                               ;
; Total HSSI PMA TX Serializers   ; 0 / 6 ( 0 % )                               ;
; Total PLLs                      ; 0 / 13 ( 0 % )                              ;
; Total DLLs                      ; 0 / 4 ( 0 % )                               ;
+---------------------------------+---------------------------------------------+


+-----------------------------------------+
; Flow Settings                           ;
+-------------------+---------------------+
; Option            ; Setting             ;
+-------------------+---------------------+
; Start date & time ; 04/24/2019 16:24:07 ;
; Main task         ; Compilation         ;
; Revision Name     ; Lab                 ;
+-------------------+---------------------+


+-------------------------------------------------------------------------------------------------------------------------------+
; Flow Non-Default Global Settings                                                                                              ;
+-------------------------------------+---------------------------------------+---------------+----------------+----------------+
; Assignment Name                     ; Value                                 ; Default Value ; Entity Name    ; Section Id     ;
+-------------------------------------+---------------------------------------+---------------+----------------+----------------+
; COMPILER_SIGNATURE_ID               ; 149885693361790.155613744711076       ; --            ; --             ; --             ;
; EDA_OUTPUT_DATA_FORMAT              ; Vhdl                                  ; --            ; --             ; eda_simulation ;
; EDA_SIMULATION_TOOL                 ; ModelSim-Altera (VHDL)                ; <None>        ; --             ; --             ;
; MAX_CORE_JUNCTION_TEMP              ; 85                                    ; --            ; --             ; --             ;
; MIN_CORE_JUNCTION_TEMP              ; 0                                     ; --            ; --             ; --             ;
; MISC_FILE                           ; ROMVHDL.cmp                           ; --            ; --             ; --             ;
; MISC_FILE                           ; RAM.cmp                               ; --            ; --             ; --             ;
; PARTITION_COLOR                     ; 16764057                              ; --            ; mips_processor ; Top            ;
; PARTITION_FITTER_PRESERVATION_LEVEL ; PLACEMENT_AND_ROUTING                 ; --            ; mips_processor ; Top            ;
; PARTITION_NETLIST_TYPE              ; SOURCE                                ; --            ; mips_processor ; Top            ;
; POWER_BOARD_THERMAL_MODEL           ; None (CONSERVATIVE)                   ; --            ; --             ; --             ;
; POWER_PRESET_COOLING_SOLUTION       ; 23 MM HEAT SINK WITH 200 LFPM AIRFLOW ; --            ; --             ; --             ;
; TOP_LEVEL_ENTITY                    ; mips_processor                        ; Lab           ; --             ; --             ;
+-------------------------------------+---------------------------------------+---------------+----------------+----------------+


+-------------------------------------------------------------------------------------------------------------------------------+
; Flow Elapsed Time                                                                                                             ;
+---------------------------+--------------+-------------------------+---------------------+------------------------------------+
; Module Name               ; Elapsed Time ; Average Processors Used ; Peak Virtual Memory ; Total CPU Time (on all processors) ;
+---------------------------+--------------+-------------------------+---------------------+------------------------------------+
; Analysis & Synthesis      ; 00:00:22     ; 1.0                     ; 5065 MB             ; 00:00:37                           ;
; Fitter                    ; 00:05:44     ; 1.0                     ; 6481 MB             ; 00:07:06                           ;
; Assembler                 ; 00:00:15     ; 1.0                     ; 5032 MB             ; 00:00:13                           ;
; TimeQuest Timing Analyzer ; 00:00:25     ; 1.0                     ; 5436 MB             ; 00:00:25                           ;
; EDA Netlist Writer        ; 00:00:03     ; 1.0                     ; 4969 MB             ; 00:00:03                           ;
; Total                     ; 00:06:49     ; --                      ; --                  ; 00:08:24                           ;
+---------------------------+--------------+-------------------------+---------------------+------------------------------------+


+----------------------------------------------------------------------------------------+
; Flow OS Summary                                                                        ;
+---------------------------+------------------+-----------+------------+----------------+
; Module Name               ; Machine Hostname ; OS Name   ; OS Version ; Processor type ;
+---------------------------+------------------+-----------+------------+----------------+
; Analysis & Synthesis      ; LAB-HP-30        ; Windows 8 ; 6.2        ; x86_64         ;
; Fitter                    ; LAB-HP-30        ; Windows 8 ; 6.2        ; x86_64         ;
; Assembler                 ; LAB-HP-30        ; Windows 8 ; 6.2        ; x86_64         ;
; TimeQuest Timing Analyzer ; LAB-HP-30        ; Windows 8 ; 6.2        ; x86_64         ;
; EDA Netlist Writer        ; LAB-HP-30        ; Windows 8 ; 6.2        ; x86_64         ;
+---------------------------+------------------+-----------+------------+----------------+


------------
; Flow Log ;
------------
quartus_map --read_settings_files=on --write_settings_files=off Lab -c Lab
quartus_fit --read_settings_files=off --write_settings_files=off Lab -c Lab
quartus_asm --read_settings_files=off --write_settings_files=off Lab -c Lab
quartus_sta Lab -c Lab
quartus_eda --read_settings_files=off --write_settings_files=off Lab -c Lab



