Analysis & Synthesis report for Lab
Mon May 06 11:06:10 2019
Quartus Prime Version 15.1.0 Build 185 10/21/2015 SJ Lite Edition


---------------------
; Table of Contents ;
---------------------
  1. Legal Notice
  2. Analysis & Synthesis Summary
  3. Analysis & Synthesis Settings
  4. Parallel Compilation
  5. Analysis & Synthesis Source Files Read
  6. Analysis & Synthesis Resource Usage Summary
  7. Analysis & Synthesis Resource Utilization by Entity
  8. Analysis & Synthesis RAM Summary
  9. User-Specified and Inferred Latches
 10. Registers Removed During Synthesis
 11. Removed Registers Triggering Further Register Optimizations
 12. General Register Statistics
 13. Inverted Register Statistics
 14. Multiplexer Restructuring Statistics (Restructuring Performed)
 15. Source assignments for ROMVHDL:rom|altsyncram:altsyncram_component|altsyncram_up14:auto_generated
 16. Source assignments for RAM:mem|altsyncram:altsyncram_component|altsyncram_imv3:auto_generated
 17. Parameter Settings for User Entity Instance: ROMVHDL:rom|altsyncram:altsyncram_component
 18. Parameter Settings for User Entity Instance: RAM:mem|altsyncram:altsyncram_component
 19. altsyncram Parameter Settings by Entity Instance
 20. Port Connectivity Checks: "alu:alu_branch"
 21. Port Connectivity Checks: "mux32:mux_jr"
 22. Port Connectivity Checks: "mux:mux_writeregister"
 23. Post-Synthesis Netlist Statistics for Top Partition
 24. Elapsed Time Per Partition
 25. Analysis & Synthesis Messages



----------------
; Legal Notice ;
----------------
Copyright (C) 1991-2015 Altera Corporation. All rights reserved.
Your use of Altera Corporation's design tools, logic functions 
and other software and tools, and its AMPP partner logic 
functions, and any output files from any of the foregoing 
(including device programming or simulation files), and any 
associated documentation or information are expressly subject 
to the terms and conditions of the Altera Program License 
Subscription Agreement, the Altera Quartus Prime License Agreement,
the Altera MegaCore Function License Agreement, or other 
applicable license agreement, including, without limitation, 
that your use is for the sole purpose of programming logic 
devices manufactured by Altera and sold by Altera or its 
authorized distributors.  Please refer to the applicable 
agreement for further details.



+-------------------------------------------------------------------------------+
; Analysis & Synthesis Summary                                                  ;
+---------------------------------+---------------------------------------------+
; Analysis & Synthesis Status     ; Successful - Mon May 06 11:06:10 2019       ;
; Quartus Prime Version           ; 15.1.0 Build 185 10/21/2015 SJ Lite Edition ;
; Revision Name                   ; Lab                                         ;
; Top-level Entity Name           ; mips_processor                              ;
; Family                          ; Cyclone V                                   ;
; Logic utilization (in ALMs)     ; N/A                                         ;
; Total registers                 ; 1546                                        ;
; Total pins                      ; 104                                         ;
; Total virtual pins              ; 0                                           ;
; Total block memory bits         ; 4,096                                       ;
; Total DSP Blocks                ; 0                                           ;
; Total HSSI RX PCSs              ; 0                                           ;
; Total HSSI PMA RX Deserializers ; 0                                           ;
; Total HSSI TX PCSs              ; 0                                           ;
; Total HSSI PMA TX Serializers   ; 0                                           ;
; Total PLLs                      ; 0                                           ;
; Total DLLs                      ; 0                                           ;
+---------------------------------+---------------------------------------------+


+---------------------------------------------------------------------------------------------------------------------------+
; Analysis & Synthesis Settings                                                                                             ;
+---------------------------------------------------------------------------------+--------------------+--------------------+
; Option                                                                          ; Setting            ; Default Value      ;
+---------------------------------------------------------------------------------+--------------------+--------------------+
; Device                                                                          ; 5CGXFC7C7F23C8     ;                    ;
; Top-level entity name                                                           ; mips_processor     ; Lab                ;
; Family name                                                                     ; Cyclone V          ; Cyclone V          ;
; Use smart compilation                                                           ; Off                ; Off                ;
; Enable parallel Assembler and TimeQuest Timing Analyzer during compilation      ; On                 ; On                 ;
; Enable compact report table                                                     ; Off                ; Off                ;
; Restructure Multiplexers                                                        ; Auto               ; Auto               ;
; MLAB Add Timing Constraints For Mixed-Port Feed-Through Mode Setting Don't Care ; Off                ; Off                ;
; Create Debugging Nodes for IP Cores                                             ; Off                ; Off                ;
; Preserve fewer node names                                                       ; On                 ; On                 ;
; Disable OpenCore Plus hardware evaluation                                       ; Off                ; Off                ;
; Verilog Version                                                                 ; Verilog_2001       ; Verilog_2001       ;
; VHDL Version                                                                    ; VHDL_1993          ; VHDL_1993          ;
; State Machine Processing                                                        ; Auto               ; Auto               ;
; Safe State Machine                                                              ; Off                ; Off                ;
; Extract Verilog State Machines                                                  ; On                 ; On                 ;
; Extract VHDL State Machines                                                     ; On                 ; On                 ;
; Ignore Verilog initial constructs                                               ; Off                ; Off                ;
; Iteration limit for constant Verilog loops                                      ; 5000               ; 5000               ;
; Iteration limit for non-constant Verilog loops                                  ; 250                ; 250                ;
; Add Pass-Through Logic to Inferred RAMs                                         ; On                 ; On                 ;
; Infer RAMs from Raw Logic                                                       ; On                 ; On                 ;
; Parallel Synthesis                                                              ; On                 ; On                 ;
; DSP Block Balancing                                                             ; Auto               ; Auto               ;
; NOT Gate Push-Back                                                              ; On                 ; On                 ;
; Power-Up Don't Care                                                             ; On                 ; On                 ;
; Remove Redundant Logic Cells                                                    ; Off                ; Off                ;
; Remove Duplicate Registers                                                      ; On                 ; On                 ;
; Ignore CARRY Buffers                                                            ; Off                ; Off                ;
; Ignore CASCADE Buffers                                                          ; Off                ; Off                ;
; Ignore GLOBAL Buffers                                                           ; Off                ; Off                ;
; Ignore ROW GLOBAL Buffers                                                       ; Off                ; Off                ;
; Ignore LCELL Buffers                                                            ; Off                ; Off                ;
; Ignore SOFT Buffers                                                             ; On                 ; On                 ;
; Limit AHDL Integers to 32 Bits                                                  ; Off                ; Off                ;
; Optimization Technique                                                          ; Balanced           ; Balanced           ;
; Carry Chain Length                                                              ; 70                 ; 70                 ;
; Auto Carry Chains                                                               ; On                 ; On                 ;
; Auto Open-Drain Pins                                                            ; On                 ; On                 ;
; Perform WYSIWYG Primitive Resynthesis                                           ; Off                ; Off                ;
; Auto ROM Replacement                                                            ; On                 ; On                 ;
; Auto RAM Replacement                                                            ; On                 ; On                 ;
; Auto DSP Block Replacement                                                      ; On                 ; On                 ;
; Auto Shift Register Replacement                                                 ; Auto               ; Auto               ;
; Allow Shift Register Merging across Hierarchies                                 ; Auto               ; Auto               ;
; Auto Clock Enable Replacement                                                   ; On                 ; On                 ;
; Strict RAM Replacement                                                          ; Off                ; Off                ;
; Allow Synchronous Control Signals                                               ; On                 ; On                 ;
; Force Use of Synchronous Clear Signals                                          ; Off                ; Off                ;
; Auto Resource Sharing                                                           ; Off                ; Off                ;
; Allow Any RAM Size For Recognition                                              ; Off                ; Off                ;
; Allow Any ROM Size For Recognition                                              ; Off                ; Off                ;
; Allow Any Shift Register Size For Recognition                                   ; Off                ; Off                ;
; Use LogicLock Constraints during Resource Balancing                             ; On                 ; On                 ;
; Ignore translate_off and synthesis_off directives                               ; Off                ; Off                ;
; Timing-Driven Synthesis                                                         ; On                 ; On                 ;
; Report Parameter Settings                                                       ; On                 ; On                 ;
; Report Source Assignments                                                       ; On                 ; On                 ;
; Report Connectivity Checks                                                      ; On                 ; On                 ;
; Ignore Maximum Fan-Out Assignments                                              ; Off                ; Off                ;
; Synchronization Register Chain Length                                           ; 3                  ; 3                  ;
; PowerPlay Power Optimization During Synthesis                                   ; Normal compilation ; Normal compilation ;
; HDL message level                                                               ; Level2             ; Level2             ;
; Suppress Register Optimization Related Messages                                 ; Off                ; Off                ;
; Number of Removed Registers Reported in Synthesis Report                        ; 5000               ; 5000               ;
; Number of Swept Nodes Reported in Synthesis Report                              ; 5000               ; 5000               ;
; Number of Inverted Registers Reported in Synthesis Report                       ; 100                ; 100                ;
; Clock MUX Protection                                                            ; On                 ; On                 ;
; Auto Gated Clock Conversion                                                     ; Off                ; Off                ;
; Block Design Naming                                                             ; Auto               ; Auto               ;
; SDC constraint protection                                                       ; Off                ; Off                ;
; Synthesis Effort                                                                ; Auto               ; Auto               ;
; Shift Register Replacement - Allow Asynchronous Clear Signal                    ; On                 ; On                 ;
; Pre-Mapping Resynthesis Optimization                                            ; Off                ; Off                ;
; Analysis & Synthesis Message Level                                              ; Medium             ; Medium             ;
; Disable Register Merging Across Hierarchies                                     ; Auto               ; Auto               ;
; Resource Aware Inference For Block RAM                                          ; On                 ; On                 ;
; Synthesis Seed                                                                  ; 1                  ; 1                  ;
; Automatic Parallel Synthesis                                                    ; On                 ; On                 ;
; Partial Reconfiguration Bitstream ID                                            ; Off                ; Off                ;
+---------------------------------------------------------------------------------+--------------------+--------------------+


Parallel compilation was disabled, but you have multiple processors available. Enable parallel compilation to reduce compilation time.
+-------------------------------------+
; Parallel Compilation                ;
+----------------------------+--------+
; Processors                 ; Number ;
+----------------------------+--------+
; Number detected on machine ; 8      ;
; Maximum allowed            ; 1      ;
+----------------------------+--------+


+--------------------------------------------------------------------------------------------------------------------------------------------------------------------------------+
; Analysis & Synthesis Source Files Read                                                                                                                                         ;
+----------------------------------+-----------------+----------------------------------+------------------------------------------------------------------------------+---------+
; File Name with User-Entered Path ; Used in Netlist ; File Type                        ; File Name with Absolute Path                                                 ; Library ;
+----------------------------------+-----------------+----------------------------------+------------------------------------------------------------------------------+---------+
; forwarding.vhd                   ; yes             ; User VHDL File                   ; C:/Users/ronaldocanesqui/Desktop/MipsProcessor-master/forwarding.vhd         ;         ;
; ROM.mif                          ; yes             ; User Memory Initialization File  ; C:/Users/ronaldocanesqui/Desktop/MipsProcessor-master/ROM.mif                ;         ;
; ROMVHDL.vhd                      ; yes             ; User Wizard-Generated File       ; C:/Users/ronaldocanesqui/Desktop/MipsProcessor-master/ROMVHDL.vhd            ;         ;
; RAM.vhd                          ; yes             ; User Wizard-Generated File       ; C:/Users/ronaldocanesqui/Desktop/MipsProcessor-master/RAM.vhd                ;         ;
; signextend.vhd                   ; yes             ; User VHDL File                   ; C:/Users/ronaldocanesqui/Desktop/MipsProcessor-master/signextend.vhd         ;         ;
; register_file.vhd                ; yes             ; User VHDL File                   ; C:/Users/ronaldocanesqui/Desktop/MipsProcessor-master/register_file.vhd      ;         ;
; pc.vhd                           ; yes             ; User VHDL File                   ; C:/Users/ronaldocanesqui/Desktop/MipsProcessor-master/pc.vhd                 ;         ;
; orgate.vhd                       ; yes             ; User VHDL File                   ; C:/Users/ronaldocanesqui/Desktop/MipsProcessor-master/orgate.vhd             ;         ;
; mux.vhd                          ; yes             ; User VHDL File                   ; C:/Users/ronaldocanesqui/Desktop/MipsProcessor-master/mux.vhd                ;         ;
; mips_processor.vhd               ; yes             ; User VHDL File                   ; C:/Users/ronaldocanesqui/Desktop/MipsProcessor-master/mips_processor.vhd     ;         ;
; mips_control.vhd                 ; yes             ; User VHDL File                   ; C:/Users/ronaldocanesqui/Desktop/MipsProcessor-master/mips_control.vhd       ;         ;
; max32.vhd                        ; yes             ; User VHDL File                   ; C:/Users/ronaldocanesqui/Desktop/MipsProcessor-master/max32.vhd              ;         ;
; and.vhd                          ; yes             ; User VHDL File                   ; C:/Users/ronaldocanesqui/Desktop/MipsProcessor-master/and.vhd                ;         ;
; alu.vhd                          ; yes             ; User VHDL File                   ; C:/Users/ronaldocanesqui/Desktop/MipsProcessor-master/alu.vhd                ;         ;
; altsyncram.tdf                   ; yes             ; Megafunction                     ; c:/altera_lite/15.1/quartus/libraries/megafunctions/altsyncram.tdf           ;         ;
; stratix_ram_block.inc            ; yes             ; Megafunction                     ; c:/altera_lite/15.1/quartus/libraries/megafunctions/stratix_ram_block.inc    ;         ;
; lpm_mux.inc                      ; yes             ; Megafunction                     ; c:/altera_lite/15.1/quartus/libraries/megafunctions/lpm_mux.inc              ;         ;
; lpm_decode.inc                   ; yes             ; Megafunction                     ; c:/altera_lite/15.1/quartus/libraries/megafunctions/lpm_decode.inc           ;         ;
; aglobal151.inc                   ; yes             ; Megafunction                     ; c:/altera_lite/15.1/quartus/libraries/megafunctions/aglobal151.inc           ;         ;
; a_rdenreg.inc                    ; yes             ; Megafunction                     ; c:/altera_lite/15.1/quartus/libraries/megafunctions/a_rdenreg.inc            ;         ;
; altrom.inc                       ; yes             ; Megafunction                     ; c:/altera_lite/15.1/quartus/libraries/megafunctions/altrom.inc               ;         ;
; altram.inc                       ; yes             ; Megafunction                     ; c:/altera_lite/15.1/quartus/libraries/megafunctions/altram.inc               ;         ;
; altdpram.inc                     ; yes             ; Megafunction                     ; c:/altera_lite/15.1/quartus/libraries/megafunctions/altdpram.inc             ;         ;
; db/altsyncram_up14.tdf           ; yes             ; Auto-Generated Megafunction      ; C:/Users/ronaldocanesqui/Desktop/MipsProcessor-master/db/altsyncram_up14.tdf ;         ;
; db/altsyncram_imv3.tdf           ; yes             ; Auto-Generated Megafunction      ; C:/Users/ronaldocanesqui/Desktop/MipsProcessor-master/db/altsyncram_imv3.tdf ;         ;
+----------------------------------+-----------------+----------------------------------+------------------------------------------------------------------------------+---------+


+----------------------------------------------------------------+
; Analysis & Synthesis Resource Usage Summary                    ;
+---------------------------------------------+------------------+
; Resource                                    ; Usage            ;
+---------------------------------------------+------------------+
; Estimate of Logic utilization (ALMs needed) ; 1490             ;
;                                             ;                  ;
; Combinational ALUT usage for logic          ; 1594             ;
;     -- 7 input functions                    ; 3                ;
;     -- 6 input functions                    ; 1049             ;
;     -- 5 input functions                    ; 219              ;
;     -- 4 input functions                    ; 62               ;
;     -- <=3 input functions                  ; 261              ;
;                                             ;                  ;
; Dedicated logic registers                   ; 1546             ;
;                                             ;                  ;
; I/O pins                                    ; 104              ;
; Total MLAB memory bits                      ; 0                ;
; Total block memory bits                     ; 4096             ;
;                                             ;                  ;
; Total DSP Blocks                            ; 0                ;
;                                             ;                  ;
; Maximum fan-out node                        ; slow_clock~input ;
; Maximum fan-out                             ; 1610             ;
; Total fan-out                               ; 14796            ;
; Average fan-out                             ; 4.34             ;
+---------------------------------------------+------------------+


+-------------------------------------------------------------------------------------------------------------------------------------------------------------------------------------------------------------------------------------------------+
; Analysis & Synthesis Resource Utilization by Entity                                                                                                                                                                                             ;
+-------------------------------------------+-------------------+--------------+-------------------+------------+------+--------------+--------------------------------------------------------------------------------------------+--------------+
; Compilation Hierarchy Node                ; LC Combinationals ; LC Registers ; Block Memory Bits ; DSP Blocks ; Pins ; Virtual Pins ; Full Hierarchy Name                                                                        ; Library Name ;
+-------------------------------------------+-------------------+--------------+-------------------+------------+------+--------------+--------------------------------------------------------------------------------------------+--------------+
; |mips_processor                           ; 1594 (749)        ; 1546 (492)   ; 4096              ; 0          ; 104  ; 0            ; |mips_processor                                                                            ; work         ;
;    |PC:pc_mips|                           ; 1 (1)             ; 30 (30)      ; 0                 ; 0          ; 0    ; 0            ; |mips_processor|PC:pc_mips                                                                 ; work         ;
;    |RAM:mem|                              ; 0 (0)             ; 0 (0)        ; 2048              ; 0          ; 0    ; 0            ; |mips_processor|RAM:mem                                                                    ; work         ;
;       |altsyncram:altsyncram_component|   ; 0 (0)             ; 0 (0)        ; 2048              ; 0          ; 0    ; 0            ; |mips_processor|RAM:mem|altsyncram:altsyncram_component                                    ; work         ;
;          |altsyncram_imv3:auto_generated| ; 0 (0)             ; 0 (0)        ; 2048              ; 0          ; 0    ; 0            ; |mips_processor|RAM:mem|altsyncram:altsyncram_component|altsyncram_imv3:auto_generated     ; work         ;
;    |ROMVHDL:rom|                          ; 0 (0)             ; 0 (0)        ; 2048              ; 0          ; 0    ; 0            ; |mips_processor|ROMVHDL:rom                                                                ; work         ;
;       |altsyncram:altsyncram_component|   ; 0 (0)             ; 0 (0)        ; 2048              ; 0          ; 0    ; 0            ; |mips_processor|ROMVHDL:rom|altsyncram:altsyncram_component                                ; work         ;
;          |altsyncram_up14:auto_generated| ; 0 (0)             ; 0 (0)        ; 2048              ; 0          ; 0    ; 0            ; |mips_processor|ROMVHDL:rom|altsyncram:altsyncram_component|altsyncram_up14:auto_generated ; work         ;
;    |alu:alu_main|                         ; 591 (591)         ; 0 (0)        ; 0                 ; 0          ; 0    ; 0            ; |mips_processor|alu:alu_main                                                               ; work         ;
;    |forwarding:forward|                   ; 138 (138)         ; 0 (0)        ; 0                 ; 0          ; 0    ; 0            ; |mips_processor|forwarding:forward                                                         ; work         ;
;    |mips_control:control|                 ; 14 (14)           ; 0 (0)        ; 0                 ; 0          ; 0    ; 0            ; |mips_processor|mips_control:control                                                       ; work         ;
;    |mux32:mux_jal|                        ; 32 (32)           ; 0 (0)        ; 0                 ; 0          ; 0    ; 0            ; |mips_processor|mux32:mux_jal                                                              ; work         ;
;    |mux32:mux_memory|                     ; 32 (32)           ; 0 (0)        ; 0                 ; 0          ; 0    ; 0            ; |mips_processor|mux32:mux_memory                                                           ; work         ;
;    |mux:mux_writeregister|                ; 5 (5)             ; 0 (0)        ; 0                 ; 0          ; 0    ; 0            ; |mips_processor|mux:mux_writeregister                                                      ; work         ;
;    |register_file:reg_file|               ; 32 (32)           ; 1024 (1024)  ; 0                 ; 0          ; 0    ; 0            ; |mips_processor|register_file:reg_file                                                     ; work         ;
+-------------------------------------------+-------------------+--------------+-------------------+------------+------+--------------+--------------------------------------------------------------------------------------------+--------------+
Note: For table entries with two numbers listed, the numbers in parentheses indicate the number of resources of the given type used by the specific entity alone. The numbers listed outside of parentheses indicate the total resources of the given type used by the specific entity and all of its sub-entities in the hierarchy.


+-----------------------------------------------------------------------------------------------------------------------------------------------------------------------------------------+
; Analysis & Synthesis RAM Summary                                                                                                                                                        ;
+---------------------------------------------------------------------------------------+------+-------------+--------------+--------------+--------------+--------------+------+---------+
; Name                                                                                  ; Type ; Mode        ; Port A Depth ; Port A Width ; Port B Depth ; Port B Width ; Size ; MIF     ;
+---------------------------------------------------------------------------------------+------+-------------+--------------+--------------+--------------+--------------+------+---------+
; RAM:mem|altsyncram:altsyncram_component|altsyncram_imv3:auto_generated|ALTSYNCRAM     ; AUTO ; Single Port ; 64           ; 32           ; --           ; --           ; 2048 ; None    ;
; ROMVHDL:rom|altsyncram:altsyncram_component|altsyncram_up14:auto_generated|ALTSYNCRAM ; AUTO ; ROM         ; 64           ; 32           ; --           ; --           ; 2048 ; ROM.mif ;
+---------------------------------------------------------------------------------------+------+-------------+--------------+--------------+--------------+--------------+------+---------+


+----------------------------------------------------------------------------------------------------+
; User-Specified and Inferred Latches                                                                ;
+-----------------------------------------------------+---------------------+------------------------+
; Latch Name                                          ; Latch Enable Signal ; Free of Timing Hazards ;
+-----------------------------------------------------+---------------------+------------------------+
; alu:alu_main|Result[0]                              ; alu:alu_main|Mux32  ; yes                    ;
; alu:alu_main|Result[1]                              ; alu:alu_main|Mux32  ; yes                    ;
; alu:alu_main|Result[2]                              ; alu:alu_main|Mux32  ; yes                    ;
; alu:alu_main|Result[3]                              ; alu:alu_main|Mux32  ; yes                    ;
; alu:alu_main|Result[4]                              ; alu:alu_main|Mux32  ; yes                    ;
; alu:alu_main|Result[5]                              ; alu:alu_main|Mux32  ; yes                    ;
; alu:alu_main|Result[6]                              ; alu:alu_main|Mux32  ; yes                    ;
; alu:alu_main|Result[7]                              ; alu:alu_main|Mux32  ; yes                    ;
; alu:alu_main|Result[8]                              ; alu:alu_main|Mux32  ; yes                    ;
; alu:alu_main|Result[9]                              ; alu:alu_main|Mux32  ; yes                    ;
; alu:alu_main|Result[10]                             ; alu:alu_main|Mux32  ; yes                    ;
; alu:alu_main|Result[11]                             ; alu:alu_main|Mux32  ; yes                    ;
; alu:alu_main|Result[12]                             ; alu:alu_main|Mux32  ; yes                    ;
; alu:alu_main|Result[13]                             ; alu:alu_main|Mux32  ; yes                    ;
; alu:alu_main|Result[14]                             ; alu:alu_main|Mux32  ; yes                    ;
; alu:alu_main|Result[15]                             ; alu:alu_main|Mux32  ; yes                    ;
; alu:alu_main|Result[16]                             ; alu:alu_main|Mux32  ; yes                    ;
; alu:alu_main|Result[17]                             ; alu:alu_main|Mux32  ; yes                    ;
; alu:alu_main|Result[18]                             ; alu:alu_main|Mux32  ; yes                    ;
; alu:alu_main|Result[19]                             ; alu:alu_main|Mux32  ; yes                    ;
; alu:alu_main|Result[20]                             ; alu:alu_main|Mux32  ; yes                    ;
; alu:alu_main|Result[21]                             ; alu:alu_main|Mux32  ; yes                    ;
; alu:alu_main|Result[22]                             ; alu:alu_main|Mux32  ; yes                    ;
; alu:alu_main|Result[23]                             ; alu:alu_main|Mux32  ; yes                    ;
; alu:alu_main|Result[24]                             ; alu:alu_main|Mux32  ; yes                    ;
; alu:alu_main|Result[25]                             ; alu:alu_main|Mux32  ; yes                    ;
; alu:alu_main|Result[26]                             ; alu:alu_main|Mux32  ; yes                    ;
; alu:alu_main|Result[27]                             ; alu:alu_main|Mux32  ; yes                    ;
; alu:alu_main|Result[28]                             ; alu:alu_main|Mux32  ; yes                    ;
; alu:alu_main|Result[29]                             ; alu:alu_main|Mux32  ; yes                    ;
; alu:alu_main|Result[30]                             ; alu:alu_main|Mux32  ; yes                    ;
; alu:alu_main|Result[31]                             ; alu:alu_main|Mux32  ; yes                    ;
; Number of user-specified and inferred latches = 32  ;                     ;                        ;
+-----------------------------------------------------+---------------------+------------------------+
Note: All latches listed above may not be present at the end of synthesis due to various synthesis optimizations.


+----------------------------------------------------------------------------------------+
; Registers Removed During Synthesis                                                     ;
+-----------------------------------------------+----------------------------------------+
; Register name                                 ; Reason for Removal                     ;
+-----------------------------------------------+----------------------------------------+
; ssignextend_IDEX[17..19,21..23,25..27,29..31] ; Stuck at GND due to stuck port data_in ;
; PC:pc_mips|pc_output[0]                       ; Merged with PC:pc_mips|pc_output[1]    ;
; spc_MEMWB[1]                                  ; Merged with spc_MEMWB[0]               ;
; spc_EXMEM[1]                                  ; Merged with spc_EXMEM[0]               ;
; ssignextend_IDEX[0]                           ; Merged with sinstruction_IDEX[0]       ;
; spc_IDEX[1]                                   ; Merged with spc_IDEX[0]                ;
; spc_IFID[1]                                   ; Merged with spc_IFID[0]                ;
; smemtoreg_IDEX                                ; Merged with smemread_IDEX              ;
; ssignextend_IDEX[9]                           ; Merged with sinstruction_IDEX[9]       ;
; ssignextend_IDEX[8]                           ; Merged with sinstruction_IDEX[8]       ;
; ssignextend_IDEX[7]                           ; Merged with sinstruction_IDEX[7]       ;
; ssignextend_IDEX[6]                           ; Merged with sinstruction_IDEX[6]       ;
; smemtoreg_EXMEM                               ; Merged with smemread_EXMEM             ;
; sreadreg1_IDEX[4]                             ; Merged with sinstruction_IDEX[25]      ;
; sreadreg1_IDEX[3]                             ; Merged with sinstruction_IDEX[24]      ;
; sreadreg1_IDEX[2]                             ; Merged with sinstruction_IDEX[23]      ;
; sreadreg1_IDEX[1]                             ; Merged with sinstruction_IDEX[22]      ;
; sreadreg1_IDEX[0]                             ; Merged with sinstruction_IDEX[21]      ;
; sreadreg2_IDEX[4]                             ; Merged with sinstruction_IDEX[20]      ;
; sreadreg2_IDEX[3]                             ; Merged with sinstruction_IDEX[19]      ;
; sreadreg2_IDEX[2]                             ; Merged with sinstruction_IDEX[18]      ;
; sreadreg2_IDEX[1]                             ; Merged with sinstruction_IDEX[17]      ;
; sreadreg2_IDEX[0]                             ; Merged with sinstruction_IDEX[16]      ;
; ssignextend_IDEX[15,16,20,24,28]              ; Merged with sinstruction_IDEX[15]      ;
; ssignextend_IDEX[14]                          ; Merged with sinstruction_IDEX[14]      ;
; ssignextend_IDEX[13]                          ; Merged with sinstruction_IDEX[13]      ;
; ssignextend_IDEX[12]                          ; Merged with sinstruction_IDEX[12]      ;
; ssignextend_IDEX[11]                          ; Merged with sinstruction_IDEX[11]      ;
; ssignextend_IDEX[10]                          ; Merged with sinstruction_IDEX[10]      ;
; ssignextend_IDEX[5]                           ; Merged with sinstruction_IDEX[5]       ;
; ssignextend_IDEX[4]                           ; Merged with sinstruction_IDEX[4]       ;
; ssignextend_IDEX[3]                           ; Merged with sinstruction_IDEX[3]       ;
; ssignextend_IDEX[2]                           ; Merged with sinstruction_IDEX[2]       ;
; ssignextend_IDEX[1]                           ; Merged with sinstruction_IDEX[1]       ;
; PC:pc_mips|pc_output[1]                       ; Stuck at GND due to stuck port data_in ;
; spc_IFID[0]                                   ; Stuck at GND due to stuck port data_in ;
; spc_IDEX[0]                                   ; Stuck at GND due to stuck port data_in ;
; spc_EXMEM[0]                                  ; Stuck at GND due to stuck port data_in ;
; spc_MEMWB[0]                                  ; Stuck at GND due to stuck port data_in ;
; Total Number of Removed Registers = 54        ;                                        ;
+-----------------------------------------------+----------------------------------------+


+------------------------------------------------------------------------------------------------------------+
; Removed Registers Triggering Further Register Optimizations                                                ;
+-------------------------+---------------------------+------------------------------------------------------+
; Register name           ; Reason for Removal        ; Registers Removed due to This Register               ;
+-------------------------+---------------------------+------------------------------------------------------+
; PC:pc_mips|pc_output[1] ; Stuck at GND              ; spc_IFID[0], spc_IDEX[0], spc_EXMEM[0], spc_MEMWB[0] ;
;                         ; due to stuck port data_in ;                                                      ;
+-------------------------+---------------------------+------------------------------------------------------+


+------------------------------------------------------+
; General Register Statistics                          ;
+----------------------------------------------+-------+
; Statistic                                    ; Value ;
+----------------------------------------------+-------+
; Total registers                              ; 1546  ;
; Number of registers using Synchronous Clear  ; 490   ;
; Number of registers using Synchronous Load   ; 0     ;
; Number of registers using Asynchronous Clear ; 1054  ;
; Number of registers using Asynchronous Load  ; 0     ;
; Number of registers using Clock Enable       ; 1024  ;
; Number of registers using Preset             ; 0     ;
+----------------------------------------------+-------+


+--------------------------------------------------+
; Inverted Register Statistics                     ;
+----------------------------------------+---------+
; Inverted Register                      ; Fan out ;
+----------------------------------------+---------+
; PC:pc_mips|pc_output[22]               ; 1       ;
; Total number of inverted registers = 1 ;         ;
+----------------------------------------+---------+


+--------------------------------------------------------------------------------------------------------------------------------------------------------+
; Multiplexer Restructuring Statistics (Restructuring Performed)                                                                                         ;
+--------------------+-----------+---------------+----------------------+------------------------+------------+------------------------------------------+
; Multiplexer Inputs ; Bus Width ; Baseline Area ; Area if Restructured ; Saving if Restructured ; Registered ; Example Multiplexer Output               ;
+--------------------+-----------+---------------+----------------------+------------------------+------------+------------------------------------------+
; 3:1                ; 5 bits    ; 10 LEs        ; 10 LEs               ; 0 LEs                  ; Yes        ; |mips_processor|sregdestmux_IDEX[4]      ;
; 33:1               ; 32 bits   ; 704 LEs       ; 672 LEs              ; 32 LEs                 ; Yes        ; |mips_processor|sreaddata1_IDEX[30]      ;
; 33:1               ; 32 bits   ; 704 LEs       ; 672 LEs              ; 32 LEs                 ; Yes        ; |mips_processor|sreaddata2_IDEX[24]      ;
; 66:1               ; 2 bits    ; 88 LEs        ; 22 LEs               ; 66 LEs                 ; Yes        ; |mips_processor|salucontrol_IDEX[2]      ;
; 4:1                ; 32 bits   ; 64 LEs        ; 64 LEs               ; 0 LEs                  ; No         ; |mips_processor|forwarding:forward|Mux13 ;
; 4:1                ; 2 bits    ; 4 LEs         ; 4 LEs                ; 0 LEs                  ; No         ; |mips_processor|alu:alu_main|ShiftLeft1  ;
; 4:1                ; 2 bits    ; 4 LEs         ; 4 LEs                ; 0 LEs                  ; No         ; |mips_processor|alu:alu_main|ShiftLeft1  ;
; 4:1                ; 50 bits   ; 100 LEs       ; 100 LEs              ; 0 LEs                  ; No         ; |mips_processor|alu:alu_main|ShiftLeft1  ;
; 4:1                ; 8 bits    ; 16 LEs        ; 16 LEs               ; 0 LEs                  ; No         ; |mips_processor|alu:alu_main|ShiftLeft1  ;
; 4:1                ; 8 bits    ; 16 LEs        ; 16 LEs               ; 0 LEs                  ; No         ; |mips_processor|alu:alu_main|ShiftLeft1  ;
; 4:1                ; 8 bits    ; 16 LEs        ; 16 LEs               ; 0 LEs                  ; No         ; |mips_processor|alu:alu_main|ShiftRight1 ;
; 4:1                ; 2 bits    ; 4 LEs         ; 4 LEs                ; 0 LEs                  ; No         ; |mips_processor|alu:alu_main|ShiftRight0 ;
; 4:1                ; 2 bits    ; 4 LEs         ; 4 LEs                ; 0 LEs                  ; No         ; |mips_processor|alu:alu_main|ShiftLeft0  ;
; 4:1                ; 50 bits   ; 100 LEs       ; 100 LEs              ; 0 LEs                  ; No         ; |mips_processor|alu:alu_main|ShiftRight0 ;
; 4:1                ; 8 bits    ; 16 LEs        ; 16 LEs               ; 0 LEs                  ; No         ; |mips_processor|alu:alu_main|ShiftLeft0  ;
; 4:1                ; 8 bits    ; 16 LEs        ; 16 LEs               ; 0 LEs                  ; No         ; |mips_processor|alu:alu_main|ShiftRight0 ;
; 4:1                ; 8 bits    ; 16 LEs        ; 16 LEs               ; 0 LEs                  ; No         ; |mips_processor|alu:alu_main|ShiftRight0 ;
; 5:1                ; 12 bits   ; 36 LEs        ; 36 LEs               ; 0 LEs                  ; No         ; |mips_processor|forwarding:forward|Mux34 ;
; 5:1                ; 20 bits   ; 60 LEs        ; 60 LEs               ; 0 LEs                  ; No         ; |mips_processor|forwarding:forward|Mux35 ;
; 23:1               ; 12 bits   ; 180 LEs       ; 168 LEs              ; 12 LEs                 ; No         ; |mips_processor|alu:alu_main|Mux24       ;
; 23:1               ; 12 bits   ; 180 LEs       ; 168 LEs              ; 12 LEs                 ; No         ; |mips_processor|alu:alu_main|Mux15       ;
; 29:1               ; 4 bits    ; 76 LEs        ; 60 LEs               ; 16 LEs                 ; No         ; |mips_processor|alu:alu_main|Mux29       ;
; 29:1               ; 3 bits    ; 57 LEs        ; 48 LEs               ; 9 LEs                  ; No         ; |mips_processor|alu:alu_main|Mux2        ;
+--------------------+-----------+---------------+----------------------+------------------------+------------+------------------------------------------+


+---------------------------------------------------------------------------------------------------+
; Source assignments for ROMVHDL:rom|altsyncram:altsyncram_component|altsyncram_up14:auto_generated ;
+---------------------------------+--------------------+------+-------------------------------------+
; Assignment                      ; Value              ; From ; To                                  ;
+---------------------------------+--------------------+------+-------------------------------------+
; OPTIMIZE_POWER_DURING_SYNTHESIS ; NORMAL_COMPILATION ; -    ; -                                   ;
+---------------------------------+--------------------+------+-------------------------------------+


+-----------------------------------------------------------------------------------------------+
; Source assignments for RAM:mem|altsyncram:altsyncram_component|altsyncram_imv3:auto_generated ;
+---------------------------------+--------------------+------+---------------------------------+
; Assignment                      ; Value              ; From ; To                              ;
+---------------------------------+--------------------+------+---------------------------------+
; OPTIMIZE_POWER_DURING_SYNTHESIS ; NORMAL_COMPILATION ; -    ; -                               ;
+---------------------------------+--------------------+------+---------------------------------+


+------------------------------------------------------------------------------------------+
; Parameter Settings for User Entity Instance: ROMVHDL:rom|altsyncram:altsyncram_component ;
+------------------------------------+----------------------+------------------------------+
; Parameter Name                     ; Value                ; Type                         ;
+------------------------------------+----------------------+------------------------------+
; BYTE_SIZE_BLOCK                    ; 8                    ; Untyped                      ;
; AUTO_CARRY_CHAINS                  ; ON                   ; AUTO_CARRY                   ;
; IGNORE_CARRY_BUFFERS               ; OFF                  ; IGNORE_CARRY                 ;
; AUTO_CASCADE_CHAINS                ; ON                   ; AUTO_CASCADE                 ;
; IGNORE_CASCADE_BUFFERS             ; OFF                  ; IGNORE_CASCADE               ;
; WIDTH_BYTEENA                      ; 1                    ; Untyped                      ;
; OPERATION_MODE                     ; ROM                  ; Untyped                      ;
; WIDTH_A                            ; 32                   ; Signed Integer               ;
; WIDTHAD_A                          ; 6                    ; Signed Integer               ;
; NUMWORDS_A                         ; 64                   ; Signed Integer               ;
; OUTDATA_REG_A                      ; UNREGISTERED         ; Untyped                      ;
; ADDRESS_ACLR_A                     ; NONE                 ; Untyped                      ;
; OUTDATA_ACLR_A                     ; NONE                 ; Untyped                      ;
; WRCONTROL_ACLR_A                   ; NONE                 ; Untyped                      ;
; INDATA_ACLR_A                      ; NONE                 ; Untyped                      ;
; BYTEENA_ACLR_A                     ; NONE                 ; Untyped                      ;
; WIDTH_B                            ; 1                    ; Signed Integer               ;
; WIDTHAD_B                          ; 1                    ; Signed Integer               ;
; NUMWORDS_B                         ; 0                    ; Signed Integer               ;
; INDATA_REG_B                       ; CLOCK1               ; Untyped                      ;
; WRCONTROL_WRADDRESS_REG_B          ; CLOCK1               ; Untyped                      ;
; RDCONTROL_REG_B                    ; CLOCK1               ; Untyped                      ;
; ADDRESS_REG_B                      ; CLOCK1               ; Untyped                      ;
; OUTDATA_REG_B                      ; UNREGISTERED         ; Untyped                      ;
; BYTEENA_REG_B                      ; CLOCK1               ; Untyped                      ;
; INDATA_ACLR_B                      ; NONE                 ; Untyped                      ;
; WRCONTROL_ACLR_B                   ; NONE                 ; Untyped                      ;
; ADDRESS_ACLR_B                     ; NONE                 ; Untyped                      ;
; OUTDATA_ACLR_B                     ; NONE                 ; Untyped                      ;
; RDCONTROL_ACLR_B                   ; NONE                 ; Untyped                      ;
; BYTEENA_ACLR_B                     ; NONE                 ; Untyped                      ;
; WIDTH_BYTEENA_A                    ; 1                    ; Signed Integer               ;
; WIDTH_BYTEENA_B                    ; 1                    ; Signed Integer               ;
; RAM_BLOCK_TYPE                     ; AUTO                 ; Untyped                      ;
; BYTE_SIZE                          ; 8                    ; Signed Integer               ;
; READ_DURING_WRITE_MODE_MIXED_PORTS ; DONT_CARE            ; Untyped                      ;
; READ_DURING_WRITE_MODE_PORT_A      ; NEW_DATA_NO_NBE_READ ; Untyped                      ;
; READ_DURING_WRITE_MODE_PORT_B      ; NEW_DATA_NO_NBE_READ ; Untyped                      ;
; INIT_FILE                          ; ROM.mif              ; Untyped                      ;
; INIT_FILE_LAYOUT                   ; PORT_A               ; Untyped                      ;
; MAXIMUM_DEPTH                      ; 0                    ; Signed Integer               ;
; CLOCK_ENABLE_INPUT_A               ; BYPASS               ; Untyped                      ;
; CLOCK_ENABLE_INPUT_B               ; NORMAL               ; Untyped                      ;
; CLOCK_ENABLE_OUTPUT_A              ; BYPASS               ; Untyped                      ;
; CLOCK_ENABLE_OUTPUT_B              ; NORMAL               ; Untyped                      ;
; CLOCK_ENABLE_CORE_A                ; USE_INPUT_CLKEN      ; Untyped                      ;
; CLOCK_ENABLE_CORE_B                ; USE_INPUT_CLKEN      ; Untyped                      ;
; ENABLE_ECC                         ; FALSE                ; Untyped                      ;
; ECC_PIPELINE_STAGE_ENABLED         ; FALSE                ; Untyped                      ;
; WIDTH_ECCSTATUS                    ; 3                    ; Signed Integer               ;
; DEVICE_FAMILY                      ; Cyclone V            ; Untyped                      ;
; CBXI_PARAMETER                     ; altsyncram_up14      ; Untyped                      ;
+------------------------------------+----------------------+------------------------------+
Note: In order to hide this table in the UI and the text report file, please set the "Show Parameter Settings in Synthesis Report" option in "Analysis and Synthesis Settings -> More Settings" to "Off".


+--------------------------------------------------------------------------------------+
; Parameter Settings for User Entity Instance: RAM:mem|altsyncram:altsyncram_component ;
+------------------------------------+----------------------+--------------------------+
; Parameter Name                     ; Value                ; Type                     ;
+------------------------------------+----------------------+--------------------------+
; BYTE_SIZE_BLOCK                    ; 8                    ; Untyped                  ;
; AUTO_CARRY_CHAINS                  ; ON                   ; AUTO_CARRY               ;
; IGNORE_CARRY_BUFFERS               ; OFF                  ; IGNORE_CARRY             ;
; AUTO_CASCADE_CHAINS                ; ON                   ; AUTO_CASCADE             ;
; IGNORE_CASCADE_BUFFERS             ; OFF                  ; IGNORE_CASCADE           ;
; WIDTH_BYTEENA                      ; 1                    ; Untyped                  ;
; OPERATION_MODE                     ; SINGLE_PORT          ; Untyped                  ;
; WIDTH_A                            ; 32                   ; Signed Integer           ;
; WIDTHAD_A                          ; 6                    ; Signed Integer           ;
; NUMWORDS_A                         ; 64                   ; Signed Integer           ;
; OUTDATA_REG_A                      ; UNREGISTERED         ; Untyped                  ;
; ADDRESS_ACLR_A                     ; NONE                 ; Untyped                  ;
; OUTDATA_ACLR_A                     ; NONE                 ; Untyped                  ;
; WRCONTROL_ACLR_A                   ; NONE                 ; Untyped                  ;
; INDATA_ACLR_A                      ; NONE                 ; Untyped                  ;
; BYTEENA_ACLR_A                     ; NONE                 ; Untyped                  ;
; WIDTH_B                            ; 1                    ; Signed Integer           ;
; WIDTHAD_B                          ; 1                    ; Signed Integer           ;
; NUMWORDS_B                         ; 0                    ; Signed Integer           ;
; INDATA_REG_B                       ; CLOCK1               ; Untyped                  ;
; WRCONTROL_WRADDRESS_REG_B          ; CLOCK1               ; Untyped                  ;
; RDCONTROL_REG_B                    ; CLOCK1               ; Untyped                  ;
; ADDRESS_REG_B                      ; CLOCK1               ; Untyped                  ;
; OUTDATA_REG_B                      ; UNREGISTERED         ; Untyped                  ;
; BYTEENA_REG_B                      ; CLOCK1               ; Untyped                  ;
; INDATA_ACLR_B                      ; NONE                 ; Untyped                  ;
; WRCONTROL_ACLR_B                   ; NONE                 ; Untyped                  ;
; ADDRESS_ACLR_B                     ; NONE                 ; Untyped                  ;
; OUTDATA_ACLR_B                     ; NONE                 ; Untyped                  ;
; RDCONTROL_ACLR_B                   ; NONE                 ; Untyped                  ;
; BYTEENA_ACLR_B                     ; NONE                 ; Untyped                  ;
; WIDTH_BYTEENA_A                    ; 1                    ; Signed Integer           ;
; WIDTH_BYTEENA_B                    ; 1                    ; Signed Integer           ;
; RAM_BLOCK_TYPE                     ; AUTO                 ; Untyped                  ;
; BYTE_SIZE                          ; 8                    ; Signed Integer           ;
; READ_DURING_WRITE_MODE_MIXED_PORTS ; DONT_CARE            ; Untyped                  ;
; READ_DURING_WRITE_MODE_PORT_A      ; DONT_CARE            ; Untyped                  ;
; READ_DURING_WRITE_MODE_PORT_B      ; NEW_DATA_NO_NBE_READ ; Untyped                  ;
; INIT_FILE                          ; UNUSED               ; Untyped                  ;
; INIT_FILE_LAYOUT                   ; PORT_A               ; Untyped                  ;
; MAXIMUM_DEPTH                      ; 0                    ; Signed Integer           ;
; CLOCK_ENABLE_INPUT_A               ; BYPASS               ; Untyped                  ;
; CLOCK_ENABLE_INPUT_B               ; NORMAL               ; Untyped                  ;
; CLOCK_ENABLE_OUTPUT_A              ; BYPASS               ; Untyped                  ;
; CLOCK_ENABLE_OUTPUT_B              ; NORMAL               ; Untyped                  ;
; CLOCK_ENABLE_CORE_A                ; USE_INPUT_CLKEN      ; Untyped                  ;
; CLOCK_ENABLE_CORE_B                ; USE_INPUT_CLKEN      ; Untyped                  ;
; ENABLE_ECC                         ; FALSE                ; Untyped                  ;
; ECC_PIPELINE_STAGE_ENABLED         ; FALSE                ; Untyped                  ;
; WIDTH_ECCSTATUS                    ; 3                    ; Signed Integer           ;
; DEVICE_FAMILY                      ; Cyclone V            ; Untyped                  ;
; CBXI_PARAMETER                     ; altsyncram_imv3      ; Untyped                  ;
+------------------------------------+----------------------+--------------------------+
Note: In order to hide this table in the UI and the text report file, please set the "Show Parameter Settings in Synthesis Report" option in "Analysis and Synthesis Settings -> More Settings" to "Off".


+-----------------------------------------------------------------------------------------+
; altsyncram Parameter Settings by Entity Instance                                        ;
+-------------------------------------------+---------------------------------------------+
; Name                                      ; Value                                       ;
+-------------------------------------------+---------------------------------------------+
; Number of entity instances                ; 2                                           ;
; Entity Instance                           ; ROMVHDL:rom|altsyncram:altsyncram_component ;
;     -- OPERATION_MODE                     ; ROM                                         ;
;     -- WIDTH_A                            ; 32                                          ;
;     -- NUMWORDS_A                         ; 64                                          ;
;     -- OUTDATA_REG_A                      ; UNREGISTERED                                ;
;     -- WIDTH_B                            ; 1                                           ;
;     -- NUMWORDS_B                         ; 0                                           ;
;     -- ADDRESS_REG_B                      ; CLOCK1                                      ;
;     -- OUTDATA_REG_B                      ; UNREGISTERED                                ;
;     -- RAM_BLOCK_TYPE                     ; AUTO                                        ;
;     -- READ_DURING_WRITE_MODE_MIXED_PORTS ; DONT_CARE                                   ;
; Entity Instance                           ; RAM:mem|altsyncram:altsyncram_component     ;
;     -- OPERATION_MODE                     ; SINGLE_PORT                                 ;
;     -- WIDTH_A                            ; 32                                          ;
;     -- NUMWORDS_A                         ; 64                                          ;
;     -- OUTDATA_REG_A                      ; UNREGISTERED                                ;
;     -- WIDTH_B                            ; 1                                           ;
;     -- NUMWORDS_B                         ; 0                                           ;
;     -- ADDRESS_REG_B                      ; CLOCK1                                      ;
;     -- OUTDATA_REG_B                      ; UNREGISTERED                                ;
;     -- RAM_BLOCK_TYPE                     ; AUTO                                        ;
;     -- READ_DURING_WRITE_MODE_MIXED_PORTS ; DONT_CARE                                   ;
+-------------------------------------------+---------------------------------------------+


+----------------------------------------------------------------------------------------------------------------------------+
; Port Connectivity Checks: "alu:alu_branch"                                                                                 ;
+------------------+--------+----------+-------------------------------------------------------------------------------------+
; Port             ; Type   ; Severity ; Details                                                                             ;
+------------------+--------+----------+-------------------------------------------------------------------------------------+
; alucontrol[3..2] ; Input  ; Info     ; Stuck at GND                                                                        ;
; alucontrol[1]    ; Input  ; Info     ; Stuck at VCC                                                                        ;
; alucontrol[0]    ; Input  ; Info     ; Stuck at GND                                                                        ;
; inputb[1..0]     ; Input  ; Info     ; Stuck at GND                                                                        ;
; shamt            ; Input  ; Info     ; Stuck at GND                                                                        ;
; zero             ; Output ; Info     ; Connected to dangling logic. Logic that only feeds a dangling port will be removed. ;
+------------------+--------+----------+-------------------------------------------------------------------------------------+


+------------------------------------------------------------------------------------------------------------------+
; Port Connectivity Checks: "mux32:mux_jr"                                                                         ;
+--------+--------+----------+-------------------------------------------------------------------------------------+
; Port   ; Type   ; Severity ; Details                                                                             ;
+--------+--------+----------+-------------------------------------------------------------------------------------+
; output ; Output ; Info     ; Connected to dangling logic. Logic that only feeds a dangling port will be removed. ;
+--------+--------+----------+-------------------------------------------------------------------------------------+


+---------------------------------------------------+
; Port Connectivity Checks: "mux:mux_writeregister" ;
+--------+-------+----------+-----------------------+
; Port   ; Type  ; Severity ; Details               ;
+--------+-------+----------+-----------------------+
; input1 ; Input ; Info     ; Stuck at VCC          ;
+--------+-------+----------+-----------------------+


+-----------------------------------------------------+
; Post-Synthesis Netlist Statistics for Top Partition ;
+-----------------------+-----------------------------+
; Type                  ; Count                       ;
+-----------------------+-----------------------------+
; arriav_ff             ; 1546                        ;
;     CLR               ; 30                          ;
;     ENA CLR           ; 1024                        ;
;     SCLR              ; 490                         ;
;     plain             ; 2                           ;
; arriav_lcell_comb     ; 1595                        ;
;     arith             ; 63                          ;
;         1 data inputs ; 31                          ;
;         5 data inputs ; 32                          ;
;     extend            ; 3                           ;
;         7 data inputs ; 3                           ;
;     normal            ; 1529                        ;
;         0 data inputs ; 1                           ;
;         1 data inputs ; 1                           ;
;         2 data inputs ; 50                          ;
;         3 data inputs ; 179                         ;
;         4 data inputs ; 62                          ;
;         5 data inputs ; 187                         ;
;         6 data inputs ; 1049                        ;
; boundary_port         ; 104                         ;
; stratixv_ram_block    ; 64                          ;
;                       ;                             ;
; Max LUT depth         ; 11.00                       ;
; Average LUT depth     ; 4.50                        ;
+-----------------------+-----------------------------+


+-------------------------------+
; Elapsed Time Per Partition    ;
+----------------+--------------+
; Partition Name ; Elapsed Time ;
+----------------+--------------+
; Top            ; 00:00:07     ;
+----------------+--------------+


+-------------------------------+
; Analysis & Synthesis Messages ;
+-------------------------------+
Info: *******************************************************************
Info: Running Quartus Prime Analysis & Synthesis
    Info: Version 15.1.0 Build 185 10/21/2015 SJ Lite Edition
    Info: Processing started: Mon May 06 11:05:47 2019
Info: Command: quartus_map --read_settings_files=on --write_settings_files=off Lab -c Lab
Warning (20028): Parallel compilation is not licensed and has been disabled
Info (12021): Found 2 design units, including 1 entities, in source file forwarding.vhd
    Info (12022): Found design unit 1: forwarding-behavior File: C:/Users/ronaldocanesqui/Desktop/MipsProcessor-master/forwarding.vhd Line: 24
    Info (12023): Found entity 1: forwarding File: C:/Users/ronaldocanesqui/Desktop/MipsProcessor-master/forwarding.vhd Line: 6
Info (12021): Found 2 design units, including 1 entities, in source file romvhdl.vhd
    Info (12022): Found design unit 1: romvhdl-SYN File: C:/Users/ronaldocanesqui/Desktop/MipsProcessor-master/ROMVHDL.vhd Line: 53
    Info (12023): Found entity 1: ROMVHDL File: C:/Users/ronaldocanesqui/Desktop/MipsProcessor-master/ROMVHDL.vhd Line: 43
Info (12021): Found 2 design units, including 1 entities, in source file ram.vhd
    Info (12022): Found design unit 1: ram-SYN File: C:/Users/ronaldocanesqui/Desktop/MipsProcessor-master/RAM.vhd Line: 56
    Info (12023): Found entity 1: RAM File: C:/Users/ronaldocanesqui/Desktop/MipsProcessor-master/RAM.vhd Line: 43
Info (12021): Found 2 design units, including 1 entities, in source file signextend.vhd
    Info (12022): Found design unit 1: signextend-behavior File: C:/Users/ronaldocanesqui/Desktop/MipsProcessor-master/signextend.vhd Line: 12
    Info (12023): Found entity 1: signextend File: C:/Users/ronaldocanesqui/Desktop/MipsProcessor-master/signextend.vhd Line: 6
Info (12021): Found 2 design units, including 1 entities, in source file register_file.vhd
    Info (12022): Found design unit 1: register_file-arch File: C:/Users/ronaldocanesqui/Desktop/MipsProcessor-master/register_file.vhd Line: 14
    Info (12023): Found entity 1: register_file File: C:/Users/ronaldocanesqui/Desktop/MipsProcessor-master/register_file.vhd Line: 6
Info (12021): Found 2 design units, including 1 entities, in source file pc.vhd
    Info (12022): Found design unit 1: PC-behavior File: C:/Users/ronaldocanesqui/Desktop/MipsProcessor-master/pc.vhd Line: 12
    Info (12023): Found entity 1: PC File: C:/Users/ronaldocanesqui/Desktop/MipsProcessor-master/pc.vhd Line: 4
Info (12021): Found 2 design units, including 1 entities, in source file orgate.vhd
    Info (12022): Found design unit 1: orgate-behavior File: C:/Users/ronaldocanesqui/Desktop/MipsProcessor-master/orgate.vhd Line: 10
    Info (12023): Found entity 1: orgate File: C:/Users/ronaldocanesqui/Desktop/MipsProcessor-master/orgate.vhd Line: 4
Warning (12090): Entity "mux" obtained from "mux.vhd" instead of from Quartus Prime megafunction library File: C:/Users/ronaldocanesqui/Desktop/MipsProcessor-master/mux.vhd Line: 6
Info (12021): Found 2 design units, including 1 entities, in source file mux.vhd
    Info (12022): Found design unit 1: mux-behavior File: C:/Users/ronaldocanesqui/Desktop/MipsProcessor-master/mux.vhd Line: 12
    Info (12023): Found entity 1: mux File: C:/Users/ronaldocanesqui/Desktop/MipsProcessor-master/mux.vhd Line: 6
Info (12021): Found 2 design units, including 1 entities, in source file mips_processor.vhd
    Info (12022): Found design unit 1: mips_processor-behavior File: C:/Users/ronaldocanesqui/Desktop/MipsProcessor-master/mips_processor.vhd Line: 26
    Info (12023): Found entity 1: mips_processor File: C:/Users/ronaldocanesqui/Desktop/MipsProcessor-master/mips_processor.vhd Line: 6
Info (12021): Found 2 design units, including 1 entities, in source file mips_control.vhd
    Info (12022): Found design unit 1: mips_control-behavior File: C:/Users/ronaldocanesqui/Desktop/MipsProcessor-master/mips_control.vhd Line: 15
    Info (12023): Found entity 1: mips_control File: C:/Users/ronaldocanesqui/Desktop/MipsProcessor-master/mips_control.vhd Line: 4
Info (12021): Found 2 design units, including 1 entities, in source file max32.vhd
    Info (12022): Found design unit 1: mux32-behavior File: C:/Users/ronaldocanesqui/Desktop/MipsProcessor-master/max32.vhd Line: 12
    Info (12023): Found entity 1: mux32 File: C:/Users/ronaldocanesqui/Desktop/MipsProcessor-master/max32.vhd Line: 6
Info (12021): Found 0 design units, including 0 entities, in source file lab.vhd
Info (12021): Found 2 design units, including 1 entities, in source file and.vhd
    Info (12022): Found design unit 1: andgate-behavior File: C:/Users/ronaldocanesqui/Desktop/MipsProcessor-master/and.vhd Line: 10
    Info (12023): Found entity 1: andgate File: C:/Users/ronaldocanesqui/Desktop/MipsProcessor-master/and.vhd Line: 4
Info (12021): Found 2 design units, including 1 entities, in source file alu.vhd
    Info (12022): Found design unit 1: alu-arch File: C:/Users/ronaldocanesqui/Desktop/MipsProcessor-master/alu.vhd Line: 15
    Info (12023): Found entity 1: alu File: C:/Users/ronaldocanesqui/Desktop/MipsProcessor-master/alu.vhd Line: 7
Info (12127): Elaborating entity "mips_processor" for the top level hierarchy
Warning (10036): Verilog HDL or VHDL warning at mips_processor.vhd(30): object "mux_pc_input" assigned a value but never read File: C:/Users/ronaldocanesqui/Desktop/MipsProcessor-master/mips_processor.vhd Line: 30
Warning (10036): Verilog HDL or VHDL warning at mips_processor.vhd(34): object "sregdest_EXMEM" assigned a value but never read File: C:/Users/ronaldocanesqui/Desktop/MipsProcessor-master/mips_processor.vhd Line: 34
Warning (10036): Verilog HDL or VHDL warning at mips_processor.vhd(41): object "sreadreg1_MEMWB" assigned a value but never read File: C:/Users/ronaldocanesqui/Desktop/MipsProcessor-master/mips_processor.vhd Line: 41
Warning (10036): Verilog HDL or VHDL warning at mips_processor.vhd(41): object "sreadreg2_MEMWB" assigned a value but never read File: C:/Users/ronaldocanesqui/Desktop/MipsProcessor-master/mips_processor.vhd Line: 41
Warning (10492): VHDL Process Statement warning at mips_processor.vhd(201): signal "pc_counter_input" is read inside the Process Statement but isn't in the Process Statement's sensitivity list File: C:/Users/ronaldocanesqui/Desktop/MipsProcessor-master/mips_processor.vhd Line: 201
Warning (10492): VHDL Process Statement warning at mips_processor.vhd(202): signal "sinstruction_MEMWB" is read inside the Process Statement but isn't in the Process Statement's sensitivity list File: C:/Users/ronaldocanesqui/Desktop/MipsProcessor-master/mips_processor.vhd Line: 202
Warning (10492): VHDL Process Statement warning at mips_processor.vhd(218): signal "swriteregister_EXMEM" is read inside the Process Statement but isn't in the Process Statement's sensitivity list File: C:/Users/ronaldocanesqui/Desktop/MipsProcessor-master/mips_processor.vhd Line: 218
Info (12128): Elaborating entity "PC" for hierarchy "PC:pc_mips" File: C:/Users/ronaldocanesqui/Desktop/MipsProcessor-master/mips_processor.vhd Line: 431
Info (12128): Elaborating entity "ROMVHDL" for hierarchy "ROMVHDL:rom" File: C:/Users/ronaldocanesqui/Desktop/MipsProcessor-master/mips_processor.vhd Line: 437
Info (12128): Elaborating entity "altsyncram" for hierarchy "ROMVHDL:rom|altsyncram:altsyncram_component" File: C:/Users/ronaldocanesqui/Desktop/MipsProcessor-master/ROMVHDL.vhd Line: 60
Info (12130): Elaborated megafunction instantiation "ROMVHDL:rom|altsyncram:altsyncram_component" File: C:/Users/ronaldocanesqui/Desktop/MipsProcessor-master/ROMVHDL.vhd Line: 60
Info (12133): Instantiated megafunction "ROMVHDL:rom|altsyncram:altsyncram_component" with the following parameter: File: C:/Users/ronaldocanesqui/Desktop/MipsProcessor-master/ROMVHDL.vhd Line: 60
    Info (12134): Parameter "address_aclr_a" = "NONE"
    Info (12134): Parameter "address_aclr_b" = "NONE"
    Info (12134): Parameter "address_reg_b" = "CLOCK1"
    Info (12134): Parameter "byte_size" = "8"
    Info (12134): Parameter "byteena_aclr_a" = "UNUSED"
    Info (12134): Parameter "byteena_aclr_b" = "NONE"
    Info (12134): Parameter "byteena_reg_b" = "CLOCK1"
    Info (12134): Parameter "clock_enable_core_a" = "USE_INPUT_CLKEN"
    Info (12134): Parameter "clock_enable_core_b" = "USE_INPUT_CLKEN"
    Info (12134): Parameter "clock_enable_input_a" = "BYPASS"
    Info (12134): Parameter "clock_enable_input_b" = "NORMAL"
    Info (12134): Parameter "clock_enable_output_a" = "BYPASS"
    Info (12134): Parameter "clock_enable_output_b" = "NORMAL"
    Info (12134): Parameter "intended_device_family" = "Cyclone V"
    Info (12134): Parameter "ecc_pipeline_stage_enabled" = "FALSE"
    Info (12134): Parameter "enable_ecc" = "FALSE"
    Info (12134): Parameter "implement_in_les" = "OFF"
    Info (12134): Parameter "indata_aclr_a" = "UNUSED"
    Info (12134): Parameter "indata_aclr_b" = "NONE"
    Info (12134): Parameter "indata_reg_b" = "CLOCK1"
    Info (12134): Parameter "init_file" = "ROM.mif"
    Info (12134): Parameter "init_file_layout" = "PORT_A"
    Info (12134): Parameter "maximum_depth" = "0"
    Info (12134): Parameter "numwords_a" = "64"
    Info (12134): Parameter "numwords_b" = "0"
    Info (12134): Parameter "operation_mode" = "ROM"
    Info (12134): Parameter "outdata_aclr_a" = "NONE"
    Info (12134): Parameter "outdata_aclr_b" = "NONE"
    Info (12134): Parameter "outdata_reg_a" = "UNREGISTERED"
    Info (12134): Parameter "outdata_reg_b" = "UNREGISTERED"
    Info (12134): Parameter "power_up_uninitialized" = "FALSE"
    Info (12134): Parameter "ram_block_type" = "AUTO"
    Info (12134): Parameter "rdcontrol_aclr_b" = "NONE"
    Info (12134): Parameter "rdcontrol_reg_b" = "CLOCK1"
    Info (12134): Parameter "read_during_write_mode_mixed_ports" = "DONT_CARE"
    Info (12134): Parameter "read_during_write_mode_port_a" = "NEW_DATA_NO_NBE_READ"
    Info (12134): Parameter "read_during_write_mode_port_b" = "NEW_DATA_NO_NBE_READ"
    Info (12134): Parameter "stratixiv_m144k_allow_dual_clocks" = "ON"
    Info (12134): Parameter "width_a" = "32"
    Info (12134): Parameter "width_b" = "1"
    Info (12134): Parameter "width_byteena_a" = "1"
    Info (12134): Parameter "width_byteena_b" = "1"
    Info (12134): Parameter "width_eccstatus" = "3"
    Info (12134): Parameter "widthad_a" = "6"
    Info (12134): Parameter "widthad_b" = "1"
    Info (12134): Parameter "wrcontrol_aclr_a" = "UNUSED"
    Info (12134): Parameter "wrcontrol_aclr_b" = "NONE"
    Info (12134): Parameter "wrcontrol_wraddress_reg_b" = "CLOCK1"
    Info (12134): Parameter "lpm_hint" = "ENABLE_RUNTIME_MOD=NO"
    Info (12134): Parameter "lpm_type" = "altsyncram"
Info (12021): Found 1 design units, including 1 entities, in source file db/altsyncram_up14.tdf
    Info (12023): Found entity 1: altsyncram_up14 File: C:/Users/ronaldocanesqui/Desktop/MipsProcessor-master/db/altsyncram_up14.tdf Line: 28
Info (12128): Elaborating entity "altsyncram_up14" for hierarchy "ROMVHDL:rom|altsyncram:altsyncram_component|altsyncram_up14:auto_generated" File: c:/altera_lite/15.1/quartus/libraries/megafunctions/altsyncram.tdf Line: 792
Info (12128): Elaborating entity "mips_control" for hierarchy "mips_control:control" File: C:/Users/ronaldocanesqui/Desktop/MipsProcessor-master/mips_processor.vhd Line: 441
Warning (10492): VHDL Process Statement warning at mips_control.vhd(62): signal "R_type" is read inside the Process Statement but isn't in the Process Statement's sensitivity list File: C:/Users/ronaldocanesqui/Desktop/MipsProcessor-master/mips_control.vhd Line: 62
Info (12128): Elaborating entity "register_file" for hierarchy "register_file:reg_file" File: C:/Users/ronaldocanesqui/Desktop/MipsProcessor-master/mips_processor.vhd Line: 451
Info (12128): Elaborating entity "mux" for hierarchy "mux:mux_reg_file" File: C:/Users/ronaldocanesqui/Desktop/MipsProcessor-master/mips_processor.vhd Line: 457
Info (12128): Elaborating entity "mux32" for hierarchy "mux32:mux_alu" File: C:/Users/ronaldocanesqui/Desktop/MipsProcessor-master/mips_processor.vhd Line: 461
Info (12128): Elaborating entity "signextend" for hierarchy "signextend:sign_extend" File: C:/Users/ronaldocanesqui/Desktop/MipsProcessor-master/mips_processor.vhd Line: 493
Info (12128): Elaborating entity "alu" for hierarchy "alu:alu_main" File: C:/Users/ronaldocanesqui/Desktop/MipsProcessor-master/mips_processor.vhd Line: 497
Warning (10492): VHDL Process Statement warning at alu.vhd(53): signal "Result" is read inside the Process Statement but isn't in the Process Statement's sensitivity list File: C:/Users/ronaldocanesqui/Desktop/MipsProcessor-master/alu.vhd Line: 53
Warning (10492): VHDL Process Statement warning at alu.vhd(59): signal "Result" is read inside the Process Statement but isn't in the Process Statement's sensitivity list File: C:/Users/ronaldocanesqui/Desktop/MipsProcessor-master/alu.vhd Line: 59
Warning (10631): VHDL Process Statement warning at alu.vhd(19): inferring latch(es) for signal or variable "Result", which holds its previous value in one or more paths through the process File: C:/Users/ronaldocanesqui/Desktop/MipsProcessor-master/alu.vhd Line: 19
Info (10041): Inferred latch for "Result[0]" at alu.vhd(19) File: C:/Users/ronaldocanesqui/Desktop/MipsProcessor-master/alu.vhd Line: 19
Info (10041): Inferred latch for "Result[1]" at alu.vhd(19) File: C:/Users/ronaldocanesqui/Desktop/MipsProcessor-master/alu.vhd Line: 19
Info (10041): Inferred latch for "Result[2]" at alu.vhd(19) File: C:/Users/ronaldocanesqui/Desktop/MipsProcessor-master/alu.vhd Line: 19
Info (10041): Inferred latch for "Result[3]" at alu.vhd(19) File: C:/Users/ronaldocanesqui/Desktop/MipsProcessor-master/alu.vhd Line: 19
Info (10041): Inferred latch for "Result[4]" at alu.vhd(19) File: C:/Users/ronaldocanesqui/Desktop/MipsProcessor-master/alu.vhd Line: 19
Info (10041): Inferred latch for "Result[5]" at alu.vhd(19) File: C:/Users/ronaldocanesqui/Desktop/MipsProcessor-master/alu.vhd Line: 19
Info (10041): Inferred latch for "Result[6]" at alu.vhd(19) File: C:/Users/ronaldocanesqui/Desktop/MipsProcessor-master/alu.vhd Line: 19
Info (10041): Inferred latch for "Result[7]" at alu.vhd(19) File: C:/Users/ronaldocanesqui/Desktop/MipsProcessor-master/alu.vhd Line: 19
Info (10041): Inferred latch for "Result[8]" at alu.vhd(19) File: C:/Users/ronaldocanesqui/Desktop/MipsProcessor-master/alu.vhd Line: 19
Info (10041): Inferred latch for "Result[9]" at alu.vhd(19) File: C:/Users/ronaldocanesqui/Desktop/MipsProcessor-master/alu.vhd Line: 19
Info (10041): Inferred latch for "Result[10]" at alu.vhd(19) File: C:/Users/ronaldocanesqui/Desktop/MipsProcessor-master/alu.vhd Line: 19
Info (10041): Inferred latch for "Result[11]" at alu.vhd(19) File: C:/Users/ronaldocanesqui/Desktop/MipsProcessor-master/alu.vhd Line: 19
Info (10041): Inferred latch for "Result[12]" at alu.vhd(19) File: C:/Users/ronaldocanesqui/Desktop/MipsProcessor-master/alu.vhd Line: 19
Info (10041): Inferred latch for "Result[13]" at alu.vhd(19) File: C:/Users/ronaldocanesqui/Desktop/MipsProcessor-master/alu.vhd Line: 19
Info (10041): Inferred latch for "Result[14]" at alu.vhd(19) File: C:/Users/ronaldocanesqui/Desktop/MipsProcessor-master/alu.vhd Line: 19
Info (10041): Inferred latch for "Result[15]" at alu.vhd(19) File: C:/Users/ronaldocanesqui/Desktop/MipsProcessor-master/alu.vhd Line: 19
Info (10041): Inferred latch for "Result[16]" at alu.vhd(19) File: C:/Users/ronaldocanesqui/Desktop/MipsProcessor-master/alu.vhd Line: 19
Info (10041): Inferred latch for "Result[17]" at alu.vhd(19) File: C:/Users/ronaldocanesqui/Desktop/MipsProcessor-master/alu.vhd Line: 19
Info (10041): Inferred latch for "Result[18]" at alu.vhd(19) File: C:/Users/ronaldocanesqui/Desktop/MipsProcessor-master/alu.vhd Line: 19
Info (10041): Inferred latch for "Result[19]" at alu.vhd(19) File: C:/Users/ronaldocanesqui/Desktop/MipsProcessor-master/alu.vhd Line: 19
Info (10041): Inferred latch for "Result[20]" at alu.vhd(19) File: C:/Users/ronaldocanesqui/Desktop/MipsProcessor-master/alu.vhd Line: 19
Info (10041): Inferred latch for "Result[21]" at alu.vhd(19) File: C:/Users/ronaldocanesqui/Desktop/MipsProcessor-master/alu.vhd Line: 19
Info (10041): Inferred latch for "Result[22]" at alu.vhd(19) File: C:/Users/ronaldocanesqui/Desktop/MipsProcessor-master/alu.vhd Line: 19
Info (10041): Inferred latch for "Result[23]" at alu.vhd(19) File: C:/Users/ronaldocanesqui/Desktop/MipsProcessor-master/alu.vhd Line: 19
Info (10041): Inferred latch for "Result[24]" at alu.vhd(19) File: C:/Users/ronaldocanesqui/Desktop/MipsProcessor-master/alu.vhd Line: 19
Info (10041): Inferred latch for "Result[25]" at alu.vhd(19) File: C:/Users/ronaldocanesqui/Desktop/MipsProcessor-master/alu.vhd Line: 19
Info (10041): Inferred latch for "Result[26]" at alu.vhd(19) File: C:/Users/ronaldocanesqui/Desktop/MipsProcessor-master/alu.vhd Line: 19
Info (10041): Inferred latch for "Result[27]" at alu.vhd(19) File: C:/Users/ronaldocanesqui/Desktop/MipsProcessor-master/alu.vhd Line: 19
Info (10041): Inferred latch for "Result[28]" at alu.vhd(19) File: C:/Users/ronaldocanesqui/Desktop/MipsProcessor-master/alu.vhd Line: 19
Info (10041): Inferred latch for "Result[29]" at alu.vhd(19) File: C:/Users/ronaldocanesqui/Desktop/MipsProcessor-master/alu.vhd Line: 19
Info (10041): Inferred latch for "Result[30]" at alu.vhd(19) File: C:/Users/ronaldocanesqui/Desktop/MipsProcessor-master/alu.vhd Line: 19
Info (10041): Inferred latch for "Result[31]" at alu.vhd(19) File: C:/Users/ronaldocanesqui/Desktop/MipsProcessor-master/alu.vhd Line: 19
Info (12128): Elaborating entity "RAM" for hierarchy "RAM:mem" File: C:/Users/ronaldocanesqui/Desktop/MipsProcessor-master/mips_processor.vhd Line: 509
Info (12128): Elaborating entity "altsyncram" for hierarchy "RAM:mem|altsyncram:altsyncram_component" File: C:/Users/ronaldocanesqui/Desktop/MipsProcessor-master/RAM.vhd Line: 63
Info (12130): Elaborated megafunction instantiation "RAM:mem|altsyncram:altsyncram_component" File: C:/Users/ronaldocanesqui/Desktop/MipsProcessor-master/RAM.vhd Line: 63
Info (12133): Instantiated megafunction "RAM:mem|altsyncram:altsyncram_component" with the following parameter: File: C:/Users/ronaldocanesqui/Desktop/MipsProcessor-master/RAM.vhd Line: 63
    Info (12134): Parameter "address_aclr_a" = "UNUSED"
    Info (12134): Parameter "address_aclr_b" = "NONE"
    Info (12134): Parameter "address_reg_b" = "CLOCK1"
    Info (12134): Parameter "byte_size" = "8"
    Info (12134): Parameter "byteena_aclr_a" = "UNUSED"
    Info (12134): Parameter "byteena_aclr_b" = "NONE"
    Info (12134): Parameter "byteena_reg_b" = "CLOCK1"
    Info (12134): Parameter "clock_enable_core_a" = "USE_INPUT_CLKEN"
    Info (12134): Parameter "clock_enable_core_b" = "USE_INPUT_CLKEN"
    Info (12134): Parameter "clock_enable_input_a" = "BYPASS"
    Info (12134): Parameter "clock_enable_input_b" = "NORMAL"
    Info (12134): Parameter "clock_enable_output_a" = "BYPASS"
    Info (12134): Parameter "clock_enable_output_b" = "NORMAL"
    Info (12134): Parameter "intended_device_family" = "Cyclone V"
    Info (12134): Parameter "ecc_pipeline_stage_enabled" = "FALSE"
    Info (12134): Parameter "enable_ecc" = "FALSE"
    Info (12134): Parameter "implement_in_les" = "OFF"
    Info (12134): Parameter "indata_aclr_a" = "UNUSED"
    Info (12134): Parameter "indata_aclr_b" = "NONE"
    Info (12134): Parameter "indata_reg_b" = "CLOCK1"
    Info (12134): Parameter "init_file" = "UNUSED"
    Info (12134): Parameter "init_file_layout" = "PORT_A"
    Info (12134): Parameter "maximum_depth" = "0"
    Info (12134): Parameter "numwords_a" = "64"
    Info (12134): Parameter "numwords_b" = "0"
    Info (12134): Parameter "operation_mode" = "SINGLE_PORT"
    Info (12134): Parameter "outdata_aclr_a" = "NONE"
    Info (12134): Parameter "outdata_aclr_b" = "NONE"
    Info (12134): Parameter "outdata_reg_a" = "UNREGISTERED"
    Info (12134): Parameter "outdata_reg_b" = "UNREGISTERED"
    Info (12134): Parameter "power_up_uninitialized" = "FALSE"
    Info (12134): Parameter "ram_block_type" = "AUTO"
    Info (12134): Parameter "rdcontrol_aclr_b" = "NONE"
    Info (12134): Parameter "rdcontrol_reg_b" = "CLOCK1"
    Info (12134): Parameter "read_during_write_mode_mixed_ports" = "DONT_CARE"
    Info (12134): Parameter "read_during_write_mode_port_a" = "DONT_CARE"
    Info (12134): Parameter "read_during_write_mode_port_b" = "NEW_DATA_NO_NBE_READ"
    Info (12134): Parameter "stratixiv_m144k_allow_dual_clocks" = "ON"
    Info (12134): Parameter "width_a" = "32"
    Info (12134): Parameter "width_b" = "1"
    Info (12134): Parameter "width_byteena_a" = "1"
    Info (12134): Parameter "width_byteena_b" = "1"
    Info (12134): Parameter "width_eccstatus" = "3"
    Info (12134): Parameter "widthad_a" = "6"
    Info (12134): Parameter "widthad_b" = "1"
    Info (12134): Parameter "wrcontrol_aclr_a" = "UNUSED"
    Info (12134): Parameter "wrcontrol_aclr_b" = "NONE"
    Info (12134): Parameter "wrcontrol_wraddress_reg_b" = "CLOCK1"
    Info (12134): Parameter "lpm_hint" = "ENABLE_RUNTIME_MOD=NO"
    Info (12134): Parameter "lpm_type" = "altsyncram"
Info (12021): Found 1 design units, including 1 entities, in source file db/altsyncram_imv3.tdf
    Info (12023): Found entity 1: altsyncram_imv3 File: C:/Users/ronaldocanesqui/Desktop/MipsProcessor-master/db/altsyncram_imv3.tdf Line: 28
Info (12128): Elaborating entity "altsyncram_imv3" for hierarchy "RAM:mem|altsyncram:altsyncram_component|altsyncram_imv3:auto_generated" File: c:/altera_lite/15.1/quartus/libraries/megafunctions/altsyncram.tdf Line: 792
Info (12128): Elaborating entity "andgate" for hierarchy "andgate:bne_and" File: C:/Users/ronaldocanesqui/Desktop/MipsProcessor-master/mips_processor.vhd Line: 514
Info (12128): Elaborating entity "orgate" for hierarchy "orgate:branch" File: C:/Users/ronaldocanesqui/Desktop/MipsProcessor-master/mips_processor.vhd Line: 520
Info (12128): Elaborating entity "forwarding" for hierarchy "forwarding:forward" File: C:/Users/ronaldocanesqui/Desktop/MipsProcessor-master/mips_processor.vhd Line: 531
Warning (13012): Latch alu:alu_main|Result[0] has unsafe behavior File: C:/Users/ronaldocanesqui/Desktop/MipsProcessor-master/alu.vhd Line: 19
    Warning (13013): Ports D and ENA on the latch are fed by the same signal salucontrol_IDEX[0] File: C:/Users/ronaldocanesqui/Desktop/MipsProcessor-master/mips_processor.vhd Line: 254
Warning (13012): Latch alu:alu_main|Result[1] has unsafe behavior File: C:/Users/ronaldocanesqui/Desktop/MipsProcessor-master/alu.vhd Line: 19
    Warning (13013): Ports D and ENA on the latch are fed by the same signal salucontrol_IDEX[0] File: C:/Users/ronaldocanesqui/Desktop/MipsProcessor-master/mips_processor.vhd Line: 254
Warning (13012): Latch alu:alu_main|Result[2] has unsafe behavior File: C:/Users/ronaldocanesqui/Desktop/MipsProcessor-master/alu.vhd Line: 19
    Warning (13013): Ports D and ENA on the latch are fed by the same signal salucontrol_IDEX[0] File: C:/Users/ronaldocanesqui/Desktop/MipsProcessor-master/mips_processor.vhd Line: 254
Warning (13012): Latch alu:alu_main|Result[3] has unsafe behavior File: C:/Users/ronaldocanesqui/Desktop/MipsProcessor-master/alu.vhd Line: 19
    Warning (13013): Ports D and ENA on the latch are fed by the same signal salucontrol_IDEX[0] File: C:/Users/ronaldocanesqui/Desktop/MipsProcessor-master/mips_processor.vhd Line: 254
Warning (13012): Latch alu:alu_main|Result[4] has unsafe behavior File: C:/Users/ronaldocanesqui/Desktop/MipsProcessor-master/alu.vhd Line: 19
    Warning (13013): Ports D and ENA on the latch are fed by the same signal salucontrol_IDEX[0] File: C:/Users/ronaldocanesqui/Desktop/MipsProcessor-master/mips_processor.vhd Line: 254
Warning (13012): Latch alu:alu_main|Result[5] has unsafe behavior File: C:/Users/ronaldocanesqui/Desktop/MipsProcessor-master/alu.vhd Line: 19
    Warning (13013): Ports D and ENA on the latch are fed by the same signal salucontrol_IDEX[0] File: C:/Users/ronaldocanesqui/Desktop/MipsProcessor-master/mips_processor.vhd Line: 254
Warning (13012): Latch alu:alu_main|Result[6] has unsafe behavior File: C:/Users/ronaldocanesqui/Desktop/MipsProcessor-master/alu.vhd Line: 19
    Warning (13013): Ports D and ENA on the latch are fed by the same signal salucontrol_IDEX[0] File: C:/Users/ronaldocanesqui/Desktop/MipsProcessor-master/mips_processor.vhd Line: 254
Warning (13012): Latch alu:alu_main|Result[7] has unsafe behavior File: C:/Users/ronaldocanesqui/Desktop/MipsProcessor-master/alu.vhd Line: 19
    Warning (13013): Ports D and ENA on the latch are fed by the same signal salucontrol_IDEX[0] File: C:/Users/ronaldocanesqui/Desktop/MipsProcessor-master/mips_processor.vhd Line: 254
Warning (13012): Latch alu:alu_main|Result[8] has unsafe behavior File: C:/Users/ronaldocanesqui/Desktop/MipsProcessor-master/alu.vhd Line: 19
    Warning (13013): Ports D and ENA on the latch are fed by the same signal salucontrol_IDEX[0] File: C:/Users/ronaldocanesqui/Desktop/MipsProcessor-master/mips_processor.vhd Line: 254
Warning (13012): Latch alu:alu_main|Result[9] has unsafe behavior File: C:/Users/ronaldocanesqui/Desktop/MipsProcessor-master/alu.vhd Line: 19
    Warning (13013): Ports D and ENA on the latch are fed by the same signal salucontrol_IDEX[0] File: C:/Users/ronaldocanesqui/Desktop/MipsProcessor-master/mips_processor.vhd Line: 254
Warning (13012): Latch alu:alu_main|Result[10] has unsafe behavior File: C:/Users/ronaldocanesqui/Desktop/MipsProcessor-master/alu.vhd Line: 19
    Warning (13013): Ports D and ENA on the latch are fed by the same signal salucontrol_IDEX[0] File: C:/Users/ronaldocanesqui/Desktop/MipsProcessor-master/mips_processor.vhd Line: 254
Warning (13012): Latch alu:alu_main|Result[11] has unsafe behavior File: C:/Users/ronaldocanesqui/Desktop/MipsProcessor-master/alu.vhd Line: 19
    Warning (13013): Ports D and ENA on the latch are fed by the same signal salucontrol_IDEX[0] File: C:/Users/ronaldocanesqui/Desktop/MipsProcessor-master/mips_processor.vhd Line: 254
Warning (13012): Latch alu:alu_main|Result[12] has unsafe behavior File: C:/Users/ronaldocanesqui/Desktop/MipsProcessor-master/alu.vhd Line: 19
    Warning (13013): Ports D and ENA on the latch are fed by the same signal salucontrol_IDEX[0] File: C:/Users/ronaldocanesqui/Desktop/MipsProcessor-master/mips_processor.vhd Line: 254
Warning (13012): Latch alu:alu_main|Result[13] has unsafe behavior File: C:/Users/ronaldocanesqui/Desktop/MipsProcessor-master/alu.vhd Line: 19
    Warning (13013): Ports D and ENA on the latch are fed by the same signal salucontrol_IDEX[0] File: C:/Users/ronaldocanesqui/Desktop/MipsProcessor-master/mips_processor.vhd Line: 254
Warning (13012): Latch alu:alu_main|Result[14] has unsafe behavior File: C:/Users/ronaldocanesqui/Desktop/MipsProcessor-master/alu.vhd Line: 19
    Warning (13013): Ports D and ENA on the latch are fed by the same signal salucontrol_IDEX[0] File: C:/Users/ronaldocanesqui/Desktop/MipsProcessor-master/mips_processor.vhd Line: 254
Warning (13012): Latch alu:alu_main|Result[15] has unsafe behavior File: C:/Users/ronaldocanesqui/Desktop/MipsProcessor-master/alu.vhd Line: 19
    Warning (13013): Ports D and ENA on the latch are fed by the same signal salucontrol_IDEX[0] File: C:/Users/ronaldocanesqui/Desktop/MipsProcessor-master/mips_processor.vhd Line: 254
Warning (13012): Latch alu:alu_main|Result[16] has unsafe behavior File: C:/Users/ronaldocanesqui/Desktop/MipsProcessor-master/alu.vhd Line: 19
    Warning (13013): Ports D and ENA on the latch are fed by the same signal salucontrol_IDEX[2] File: C:/Users/ronaldocanesqui/Desktop/MipsProcessor-master/mips_processor.vhd Line: 254
Warning (13012): Latch alu:alu_main|Result[17] has unsafe behavior File: C:/Users/ronaldocanesqui/Desktop/MipsProcessor-master/alu.vhd Line: 19
    Warning (13013): Ports D and ENA on the latch are fed by the same signal salucontrol_IDEX[2] File: C:/Users/ronaldocanesqui/Desktop/MipsProcessor-master/mips_processor.vhd Line: 254
Warning (13012): Latch alu:alu_main|Result[18] has unsafe behavior File: C:/Users/ronaldocanesqui/Desktop/MipsProcessor-master/alu.vhd Line: 19
    Warning (13013): Ports D and ENA on the latch are fed by the same signal salucontrol_IDEX[2] File: C:/Users/ronaldocanesqui/Desktop/MipsProcessor-master/mips_processor.vhd Line: 254
Warning (13012): Latch alu:alu_main|Result[19] has unsafe behavior File: C:/Users/ronaldocanesqui/Desktop/MipsProcessor-master/alu.vhd Line: 19
    Warning (13013): Ports D and ENA on the latch are fed by the same signal salucontrol_IDEX[2] File: C:/Users/ronaldocanesqui/Desktop/MipsProcessor-master/mips_processor.vhd Line: 254
Warning (13012): Latch alu:alu_main|Result[20] has unsafe behavior File: C:/Users/ronaldocanesqui/Desktop/MipsProcessor-master/alu.vhd Line: 19
    Warning (13013): Ports D and ENA on the latch are fed by the same signal salucontrol_IDEX[2] File: C:/Users/ronaldocanesqui/Desktop/MipsProcessor-master/mips_processor.vhd Line: 254
Warning (13012): Latch alu:alu_main|Result[21] has unsafe behavior File: C:/Users/ronaldocanesqui/Desktop/MipsProcessor-master/alu.vhd Line: 19
    Warning (13013): Ports D and ENA on the latch are fed by the same signal salucontrol_IDEX[2] File: C:/Users/ronaldocanesqui/Desktop/MipsProcessor-master/mips_processor.vhd Line: 254
Warning (13012): Latch alu:alu_main|Result[22] has unsafe behavior File: C:/Users/ronaldocanesqui/Desktop/MipsProcessor-master/alu.vhd Line: 19
    Warning (13013): Ports D and ENA on the latch are fed by the same signal salucontrol_IDEX[2] File: C:/Users/ronaldocanesqui/Desktop/MipsProcessor-master/mips_processor.vhd Line: 254
Warning (13012): Latch alu:alu_main|Result[23] has unsafe behavior File: C:/Users/ronaldocanesqui/Desktop/MipsProcessor-master/alu.vhd Line: 19
    Warning (13013): Ports D and ENA on the latch are fed by the same signal salucontrol_IDEX[2] File: C:/Users/ronaldocanesqui/Desktop/MipsProcessor-master/mips_processor.vhd Line: 254
Warning (13012): Latch alu:alu_main|Result[24] has unsafe behavior File: C:/Users/ronaldocanesqui/Desktop/MipsProcessor-master/alu.vhd Line: 19
    Warning (13013): Ports D and ENA on the latch are fed by the same signal salucontrol_IDEX[2] File: C:/Users/ronaldocanesqui/Desktop/MipsProcessor-master/mips_processor.vhd Line: 254
Warning (13012): Latch alu:alu_main|Result[25] has unsafe behavior File: C:/Users/ronaldocanesqui/Desktop/MipsProcessor-master/alu.vhd Line: 19
    Warning (13013): Ports D and ENA on the latch are fed by the same signal salucontrol_IDEX[2] File: C:/Users/ronaldocanesqui/Desktop/MipsProcessor-master/mips_processor.vhd Line: 254
Warning (13012): Latch alu:alu_main|Result[26] has unsafe behavior File: C:/Users/ronaldocanesqui/Desktop/MipsProcessor-master/alu.vhd Line: 19
    Warning (13013): Ports D and ENA on the latch are fed by the same signal salucontrol_IDEX[2] File: C:/Users/ronaldocanesqui/Desktop/MipsProcessor-master/mips_processor.vhd Line: 254
Warning (13012): Latch alu:alu_main|Result[27] has unsafe behavior File: C:/Users/ronaldocanesqui/Desktop/MipsProcessor-master/alu.vhd Line: 19
    Warning (13013): Ports D and ENA on the latch are fed by the same signal salucontrol_IDEX[2] File: C:/Users/ronaldocanesqui/Desktop/MipsProcessor-master/mips_processor.vhd Line: 254
Warning (13012): Latch alu:alu_main|Result[28] has unsafe behavior File: C:/Users/ronaldocanesqui/Desktop/MipsProcessor-master/alu.vhd Line: 19
    Warning (13013): Ports D and ENA on the latch are fed by the same signal salucontrol_IDEX[3] File: C:/Users/ronaldocanesqui/Desktop/MipsProcessor-master/mips_processor.vhd Line: 254
Warning (13012): Latch alu:alu_main|Result[29] has unsafe behavior File: C:/Users/ronaldocanesqui/Desktop/MipsProcessor-master/alu.vhd Line: 19
    Warning (13013): Ports D and ENA on the latch are fed by the same signal salucontrol_IDEX[3] File: C:/Users/ronaldocanesqui/Desktop/MipsProcessor-master/mips_processor.vhd Line: 254
Warning (13012): Latch alu:alu_main|Result[30] has unsafe behavior File: C:/Users/ronaldocanesqui/Desktop/MipsProcessor-master/alu.vhd Line: 19
    Warning (13013): Ports D and ENA on the latch are fed by the same signal salucontrol_IDEX[3] File: C:/Users/ronaldocanesqui/Desktop/MipsProcessor-master/mips_processor.vhd Line: 254
Warning (13012): Latch alu:alu_main|Result[31] has unsafe behavior File: C:/Users/ronaldocanesqui/Desktop/MipsProcessor-master/alu.vhd Line: 19
    Warning (13013): Ports D and ENA on the latch are fed by the same signal salucontrol_IDEX[3] File: C:/Users/ronaldocanesqui/Desktop/MipsProcessor-master/mips_processor.vhd Line: 254
Warning (13024): Output pins are stuck at VCC or GND
    Warning (13410): Pin "PC_out[0]" is stuck at GND File: C:/Users/ronaldocanesqui/Desktop/MipsProcessor-master/mips_processor.vhd Line: 10
    Warning (13410): Pin "PC_out[1]" is stuck at GND File: C:/Users/ronaldocanesqui/Desktop/MipsProcessor-master/mips_processor.vhd Line: 10
Info (286030): Timing-Driven Synthesis is running
Info (16010): Generating hard_block partition "hard_block:auto_generated_inst"
    Info (16011): Adding 0 node(s), including 0 DDIO, 0 PLL, 0 transceiver and 0 LCELL
Info (21057): Implemented 3226 device resources after synthesis - the final resource count might be different
    Info (21058): Implemented 2 input pins
    Info (21059): Implemented 102 output pins
    Info (21061): Implemented 3058 logic cells
    Info (21064): Implemented 64 RAM segments
Info: Quartus Prime Analysis & Synthesis was successful. 0 errors, 80 warnings
    Info: Peak virtual memory: 5068 megabytes
    Info: Processing ended: Mon May 06 11:06:10 2019
    Info: Elapsed time: 00:00:23
    Info: Total CPU time (on all processors): 00:00:37


